<?xml version="1.0" encoding="UTF-8"?>
<testng-results skipped="0" failed="0" ignored="0" total="4" passed="4">
  <reporter-output>
  </reporter-output>
  <suite name="Suite" duration-ms="165937" started-at="2020-08-31T22:32:17 EDT" finished-at="2020-08-31T22:35:03 EDT">
    <groups>
    </groups>
    <test name="Test" duration-ms="165937" started-at="2020-08-31T22:32:17 EDT" finished-at="2020-08-31T22:35:03 EDT">
      <class name="TestCases.HomePageNavigationBarValidationTest">
        <test-method status="PASS" signature="InitiateDriverAndSite()[pri:0, instance:TestCases.HomePageNavigationBarValidationTest@792b749c]" name="InitiateDriverAndSite" is-config="true" duration-ms="27748" started-at="2020-08-31T22:34:27 EDT" finished-at="2020-08-31T22:34:55 EDT">
          <reporter-output>
          </reporter-output>
        </test-method> <!-- InitiateDriverAndSite -->
        <test-method status="PASS" signature="basePageNavigation()[pri:0, instance:TestCases.HomePageNavigationBarValidationTest@792b749c]" name="basePageNavigation" duration-ms="5829" started-at="2020-08-31T22:34:55 EDT" finished-at="2020-08-31T22:35:00 EDT">
          <reporter-output>
          </reporter-output>
        </test-method> <!-- basePageNavigation -->
        <test-method status="PASS" signature="browserClose()[pri:0, instance:TestCases.HomePageNavigationBarValidationTest@792b749c]" name="browserClose" is-config="true" duration-ms="2838" started-at="2020-08-31T22:35:00 EDT" finished-at="2020-08-31T22:35:03 EDT">
          <reporter-output>
          </reporter-output>
        </test-method> <!-- browserClose -->
      </class> <!-- TestCases.HomePageNavigationBarValidationTest -->
      <class name="TestCases.HomePageTextValidationTest">
        <test-method status="PASS" signature="InitiateDriverAndSite()[pri:0, instance:TestCases.HomePageTextValidationTest@6d60fe40]" name="InitiateDriverAndSite" is-config="true" duration-ms="18623" started-at="2020-08-31T22:33:55 EDT" finished-at="2020-08-31T22:34:13 EDT">
          <reporter-output>
          </reporter-output>
        </test-method> <!-- InitiateDriverAndSite -->
        <test-method status="PASS" signature="basePageNavigation()[pri:0, instance:TestCases.HomePageTextValidationTest@6d60fe40]" name="basePageNavigation" duration-ms="6877" started-at="2020-08-31T22:34:13 EDT" finished-at="2020-08-31T22:34:20 EDT">
          <reporter-output>
          </reporter-output>
        </test-method> <!-- basePageNavigation -->
        <test-method status="PASS" signature="browserClose()[pri:0, instance:TestCases.HomePageTextValidationTest@6d60fe40]" name="browserClose" is-config="true" duration-ms="6591" started-at="2020-08-31T22:34:20 EDT" finished-at="2020-08-31T22:34:27 EDT">
          <reporter-output>
          </reporter-output>
        </test-method> <!-- browserClose -->
      </class> <!-- TestCases.HomePageTextValidationTest -->
      <class name="TestCases.HomePageImplemantationTest">
        <test-method status="PASS" signature="InitiateDriverAndSite()[pri:0, instance:TestCases.HomePageImplemantationTest@43df23d3]" name="InitiateDriverAndSite" is-config="true" duration-ms="37247" started-at="2020-08-31T22:32:17 EDT" finished-at="2020-08-31T22:32:55 EDT">
          <reporter-output>
          </reporter-output>
        </test-method> <!-- InitiateDriverAndSite -->
        <test-method status="PASS" signature="basePageNavigation(java.lang.String, java.lang.String)[pri:0, instance:TestCases.HomePageImplemantationTest@43df23d3]" name="basePageNavigation" duration-ms="11700" started-at="2020-08-31T22:32:55 EDT" data-provider="getData" finished-at="2020-08-31T22:33:06 EDT">
          <params>
            <param index="0">
              <value>
                <![CDATA[Tomcruise@usa.com]]>
              </value>
            </param>
            <param index="1">
              <value>
                <![CDATA[12345]]>
              </value>
            </param>
          </params>
          <reporter-output>
          </reporter-output>
        </test-method> <!-- basePageNavigation -->
        <test-method status="PASS" signature="browserClose()[pri:0, instance:TestCases.HomePageImplemantationTest@43df23d3]" name="browserClose" is-config="true" duration-ms="5997" started-at="2020-08-31T22:33:06 EDT" finished-at="2020-08-31T22:33:12 EDT">
          <reporter-output>
          </reporter-output>
        </test-method> <!-- browserClose -->
        <test-method status="PASS" signature="InitiateDriverAndSite()[pri:0, instance:TestCases.HomePageImplemantationTest@43df23d3]" name="InitiateDriverAndSite" is-config="true" duration-ms="29501" started-at="2020-08-31T22:33:12 EDT" finished-at="2020-08-31T22:33:42 EDT">
          <reporter-output>
          </reporter-output>
        </test-method> <!-- InitiateDriverAndSite -->
        <test-method status="PASS" signature="basePageNavigation(java.lang.String, java.lang.String)[pri:0, instance:TestCases.HomePageImplemantationTest@43df23d3]" name="basePageNavigation" duration-ms="8513" started-at="2020-08-31T22:33:42 EDT" data-provider="getData" finished-at="2020-08-31T22:33:50 EDT">
          <params>
            <param index="0">
              <value>
                <![CDATA[nicole@usa.com]]>
              </value>
            </param>
            <param index="1">
              <value>
                <![CDATA[123456]]>
              </value>
            </param>
          </params>
          <reporter-output>
          </reporter-output>
        </test-method> <!-- basePageNavigation -->
        <test-method status="PASS" signature="browserClose()[pri:0, instance:TestCases.HomePageImplemantationTest@43df23d3]" name="browserClose" is-config="true" duration-ms="4399" started-at="2020-08-31T22:33:50 EDT" finished-at="2020-08-31T22:33:55 EDT">
          <reporter-output>
          </reporter-output>
        </test-method> <!-- browserClose -->
      </class> <!-- TestCases.HomePageImplemantationTest -->
    </test> <!-- Test -->
  </suite> <!-- Suite -->
</testng-results>
