<?xml version="1.0" encoding="UTF-8"?>
<testsuite xmlns:xsi="http://www.w3.org/2001/XMLSchema-instance" xsi:noNamespaceSchemaLocation="https://maven.apache.org/surefire/maven-surefire-plugin/xsd/surefire-test-report-3.0.xsd" version="3.0" name="TestSuite" time="172.287" tests="4" errors="0" skipped="0" failures="0">
  <properties>
[...]
</properties>
  <testcase name="basePageNavigation[Tomcruise@usa.com, 12345](1)" classname="TestCases.HomePageImplemantationTest" time="11.663">
    <system-err><![CDATA[1598927539702	mozrunner::runner	INFO	Running command: "C:\\Program Files\\Mozilla Firefox\\firefox.exe" "-marionette" "-foreground" "-no-remote" "-profile" "C:\\Users\\Taufik\\AppData\\Local\\Temp\\rust_mozprofile1vdled"
JavaScript error: resource://gre/modules/XULStore.jsm, line 66: Error: Can't find profile directory.
console.error: SearchCache: "_readCacheFile: Error reading cache file:" (new Error("", "(unknown module)"))
1598927550445	Marionette	INFO	Listening on port 64776
1598927550762	Marionette	WARN	TLS certificate errors will be ignored for this session
Aug 31, 2020 10:32:31 PM org.openqa.selenium.remote.ProtocolHandshake createSession
INFO: Detected dialect: W3C
JavaScript error: https://www.youtube.com/s/player/86f77974/player_ias.vflset/en_US/base.js, line 1084: NS_ERROR_FAILURE
]]></system-err>
  </testcase>
  <testcase name="basePageNavigation[nicole@usa.com, 123456](2)" classname="TestCases.HomePageImplemantationTest" time="8.453">
    <system-err><![CDATA[1598927586847	Marionette	INFO	Stopped listening on port 64776

###!!! [Child][RunMessage] Error: Channel closing: too late to send/recv, messages will be lost

1598927593629	mozrunner::runner	INFO	Running command: "C:\\Program Files\\Mozilla Firefox\\firefox.exe" "-marionette" "-foreground" "-no-remote" "-profile" "C:\\Users\\Taufik\\AppData\\Local\\Temp\\rust_mozprofileQ3Dpuj"
JavaScript error: resource://gre/modules/XULStore.jsm, line 66: Error: Can't find profile directory.
console.error: SearchCache: "_readCacheFile: Error reading cache file:" (new Error("", "(unknown module)"))
1598927608867	Marionette	INFO	Listening on port 64870
1598927608922	Marionette	WARN	TLS certificate errors will be ignored for this session
Aug 31, 2020 10:33:28 PM org.openqa.selenium.remote.ProtocolHandshake createSession
INFO: Detected dialect: W3C
]]></system-err>
  </testcase>
  <testcase name="basePageNavigation" classname="TestCases.HomePageTextValidationTest" time="6.834">
    <system-err><![CDATA[1598927630850	Marionette	INFO	Stopped listening on port 64870
console.error: (new Error("Connection closed before committing the transaction.", "resource://gre/modules/Sqlite.jsm", 688))

###!!! [Child][RunMessage] Error: Channel closing: too late to send/recv, messages will be lost


###!!! [Child][MessageChannel::SendAndWait] Error: Channel error: cannot send/recv

1598927635856	mozrunner::runner	INFO	Running command: "C:\\Program Files\\Mozilla Firefox\\firefox.exe" "-marionette" "-foreground" "-no-remote" "-profile" "C:\\Users\\Taufik\\AppData\\Local\\Temp\\rust_mozprofilem2NqVL"
JavaScript error: resource://gre/modules/XULStore.jsm, line 66: Error: Can't find profile directory.
console.error: SearchCache: "_readCacheFile: Error reading cache file:" (new Error("", "(unknown module)"))
1598927643073	Marionette	INFO	Listening on port 64962
1598927643193	Marionette	WARN	TLS certificate errors will be ignored for this session
Aug 31, 2020 10:34:03 PM org.openqa.selenium.remote.ProtocolHandshake createSession
INFO: Detected dialect: W3C
]]></system-err>
  </testcase>
  <testcase name="basePageNavigation" classname="TestCases.HomePageNavigationBarValidationTest" time="5.784">
    <system-err><![CDATA[1598927660758	Marionette	INFO	Stopped listening on port 64962

###!!! [Child][RunMessage] Error: Channel closing: too late to send/recv, messages will be lost


###!!! [Child][MessageChannel::SendAndWait] Error: Channel error: cannot send/recv

1598927668875	mozrunner::runner	INFO	Running command: "C:\\Program Files\\Mozilla Firefox\\firefox.exe" "-marionette" "-foreground" "-no-remote" "-profile" "C:\\Users\\Taufik\\AppData\\Local\\Temp\\rust_mozprofileNew4h5"
JavaScript error: resource://gre/modules/XULStore.jsm, line 66: Error: Can't find profile directory.
console.error: SearchCache: "_readCacheFile: Error reading cache file:" (new Error("", "(unknown module)"))
1598927680660	Marionette	INFO	Listening on port 65044
1598927681015	Marionette	WARN	TLS certificate errors will be ignored for this session
Aug 31, 2020 10:34:41 PM org.openqa.selenium.remote.ProtocolHandshake createSession
INFO: Detected dialect: W3C
]]></system-err>
  </testcase>
</testsuite>