<?xml version="1.0" encoding="UTF-8"?>
<!-- Generated by org.testng.reporters.JUnitXMLReporter -->
<testsuite hostname="Jennifer-PC" ignored="0" name="Test" tests="4" failures="0" timestamp="2020-09-08T19:21:32 EDT" time="0.216" errors="0">
  <testcase name="@BeforeMethod InitiateDriverAndSite" time="0.006" classname="TestCases.HomePageImplemantationTest">
    <failure type="java.lang.NullPointerException">
      <![CDATA[java.lang.NullPointerException
at Resources.Base.initializeDriver(Base.java:41)
at TestCases.HomePageImplemantationTest.InitiateDriverAndSite(HomePageImplemantationTest.java:24)
at java.util.ArrayList.forEach(Unknown Source)
at java.util.concurrent.FutureTask.run(Unknown Source)
at java.util.concurrent.ThreadPoolExecutor.runWorker(Unknown Source)
at java.util.concurrent.ThreadPoolExecutor$Worker.run(Unknown Source)
at java.lang.Thread.run(Unknown Source)
... Removed 22 stack frames]]>
    </failure>
  </testcase> <!-- @BeforeMethod InitiateDriverAndSite -->
  <testcase name="@AfterMethod browserClose" time="-1.59960729251E9" classname="TestCases.HomePageImplemantationTest">
    <skipped/>
  </testcase> <!-- @AfterMethod browserClose -->
  <testcase name="@BeforeMethod InitiateDriverAndSite" time="-1.599607292516E9" classname="TestCases.HomePageImplemantationTest">
    <skipped/>
  </testcase> <!-- @BeforeMethod InitiateDriverAndSite -->
  <testcase name="@AfterMethod browserClose" time="-1.599607292531E9" classname="TestCases.HomePageImplemantationTest">
    <skipped/>
  </testcase> <!-- @AfterMethod browserClose -->
  <testcase name="@BeforeClass InitiateDriverAndSite" time="0.001" classname="TestCases.HomePageTextValidationTest">
    <failure type="java.lang.NullPointerException">
      <![CDATA[java.lang.NullPointerException
at Resources.Base.initializeDriver(Base.java:41)
at TestCases.HomePageTextValidationTest.InitiateDriverAndSite(HomePageTextValidationTest.java:26)
at java.util.ArrayList.forEach(Unknown Source)
at java.util.concurrent.FutureTask.run(Unknown Source)
at java.util.concurrent.ThreadPoolExecutor.runWorker(Unknown Source)
at java.util.concurrent.ThreadPoolExecutor$Worker.run(Unknown Source)
at java.lang.Thread.run(Unknown Source)
... Removed 16 stack frames]]>
    </failure>
  </testcase> <!-- @BeforeClass InitiateDriverAndSite -->
  <testcase name="@AfterClass browserClose" time="-1.599607292585E9" classname="TestCases.HomePageTextValidationTest">
    <skipped/>
  </testcase> <!-- @AfterClass browserClose -->
  <testcase name="@BeforeClass InitiateDriverAndSite" time="0.001" classname="TestCases.HomePageNavigationBarValidationTest">
    <failure type="java.lang.NullPointerException">
      <![CDATA[java.lang.NullPointerException
at Resources.Base.initializeDriver(Base.java:41)
at TestCases.HomePageNavigationBarValidationTest.InitiateDriverAndSite(HomePageNavigationBarValidationTest.java:24)
at java.util.ArrayList.forEach(Unknown Source)
at java.util.concurrent.FutureTask.run(Unknown Source)
at java.util.concurrent.ThreadPoolExecutor.runWorker(Unknown Source)
at java.util.concurrent.ThreadPoolExecutor$Worker.run(Unknown Source)
at java.lang.Thread.run(Unknown Source)
... Removed 16 stack frames]]>
    </failure>
  </testcase> <!-- @BeforeClass InitiateDriverAndSite -->
  <testcase name="@AfterClass browserClose" time="-1.599607292617E9" classname="TestCases.HomePageNavigationBarValidationTest">
    <skipped/>
  </testcase> <!-- @AfterClass browserClose -->
  <testcase name="basePageNavigation" time="0.0" classname="TestCases.HomePageImplemantationTest">
    <skipped/>
  </testcase> <!-- basePageNavigation -->
  <testcase name="basePageNavigation" time="0.0" classname="TestCases.HomePageImplemantationTest">
    <skipped/>
  </testcase> <!-- basePageNavigation -->
  <testcase name="basePageNavigation" time="0.0" classname="TestCases.HomePageTextValidationTest">
    <skipped/>
  </testcase> <!-- basePageNavigation -->
  <testcase name="basePageNavigation" time="0.0" classname="TestCases.HomePageNavigationBarValidationTest">
    <skipped/>
  </testcase> <!-- basePageNavigation -->
</testsuite> <!-- Test -->
