<?xml version="1.0" encoding="UTF-8"?>
<!-- Generated by org.testng.reporters.JUnitXMLReporter -->
<testsuite hostname="Jennifer-PC" ignored="0" name="Test" tests="4" failures="0" timestamp="2020-08-31T22:35:04 EDT" time="165.937" errors="0">
  <testcase name="basePageNavigation" time="11.7" classname="TestCases.HomePageImplemantationTest"/>
  <testcase name="basePageNavigation" time="8.513" classname="TestCases.HomePageImplemantationTest"/>
  <testcase name="basePageNavigation" time="6.877" classname="TestCases.HomePageTextValidationTest"/>
  <testcase name="basePageNavigation" time="5.829" classname="TestCases.HomePageNavigationBarValidationTest"/>
</testsuite> <!-- Test -->
